0 info it worked if it ends with ok
1 verbose cli [ '/home/ubuntu/.nvm/versions/node/v4.4.5/bin/node',
1 verbose cli   '/home/ubuntu/.nvm/versions/node/v4.4.5/bin/npm',
1 verbose cli   'version',
1 verbose cli   'minor' ]
2 info using npm@2.15.5
3 info using node@v4.4.5
4 info git [ 'status', '--porcelain' ]
5 verbose stack Error: Git working directory not clean.
5 verbose stack D client/js/classes/table.js
5 verbose stack M client/js/render.js
5 verbose stack D client/typescript/classes/table.tsx
5 verbose stack M client/typescript/render.tsx
5 verbose stack M package.json
5 verbose stack M public/js/bundle.js
5 verbose stack     at /home/ubuntu/.nvm/versions/node/v4.4.5/lib/node_modules/npm/lib/version.js:171:21
5 verbose stack     at ChildProcess.exithandler (child_process.js:204:7)
5 verbose stack     at emitTwo (events.js:87:13)
5 verbose stack     at ChildProcess.emit (events.js:172:7)
5 verbose stack     at maybeClose (internal/child_process.js:827:16)
5 verbose stack     at Process.ChildProcess._handle.onexit (internal/child_process.js:211:5)
6 verbose cwd /home/ubuntu/workspace
7 error Linux 4.2.0-c9
8 error argv "/home/ubuntu/.nvm/versions/node/v4.4.5/bin/node" "/home/ubuntu/.nvm/versions/node/v4.4.5/bin/npm" "version" "minor"
9 error node v4.4.5
10 error npm  v2.15.5
11 error Git working directory not clean.
11 error D client/js/classes/table.js
11 error M client/js/render.js
11 error D client/typescript/classes/table.tsx
11 error M client/typescript/render.tsx
11 error M package.json
11 error M public/js/bundle.js
12 error If you need help, you may report this error at:
12 error     <https://github.com/npm/npm/issues>
13 verbose exit [ 1, true ]
